<?xml version="1.0" encoding="UTF-8"?>
<!-- Generated by org.testng.reporters.JUnitReportReporter -->
<testsuite hostname="IN-C1QYZH3" failures="0" tests="1" name="SeleniumTest.UIBasedTesting.LoginPage" time="19.176" errors="0" timestamp="2024-12-25T11:49:57 IST" skipped="0">
  <testcase classname="SeleniumTest.UIBasedTesting.LoginPage" name="test1" time="19.176"/>
</testsuite> <!-- SeleniumTest.UIBasedTesting.LoginPage -->
