<?xml version="1.0" encoding="UTF-8"?>
<!-- Generated by org.testng.reporters.JUnitReportReporter -->
<testsuite hostname="IN-C1QYZH3" failures="0" tests="1" name="SeleniumTest.UIBasedTesting.HomePageTests" time="33.085" errors="0" timestamp="2024-12-25T12:49:18 IST" skipped="0">
  <testcase classname="SeleniumTest.UIBasedTesting.HomePageTests" name="test2" time="33.085"/>
</testsuite> <!-- SeleniumTest.UIBasedTesting.HomePageTests -->
